<?xml version="1.0" encoding="UTF-8"?>
<testsuite xmlns:xsi="http://www.w3.org/2001/XMLSchema-instance" xsi:noNamespaceSchemaLocation="https://maven.apache.org/surefire/maven-surefire-plugin/xsd/surefire-test-report-3.0.xsd" version="3.0" name="com.app.webdemo.WebdemoApplicationTests" time="0.214" tests="1" errors="0" skipped="0" failures="0">
  <properties>
[...]
</properties>
  <testcase name="contextLoads" classname="com.app.webdemo.WebdemoApplicationTests" time="0.002">
    <system-out><![CDATA[2026-02-11T21:21:49.022+07:00  INFO 26224 --- [webdemo] [           main] t.c.s.AnnotationConfigContextLoaderUtils : Could not detect default configuration classes for test class [com.app.webdemo.WebdemoApplicationTests]: WebdemoApplicationTests does not declare any static, non-private, non-final, nested classes annotated with @Configuration.
2026-02-11T21:21:49.028+07:00  INFO 26224 --- [webdemo] [           main] .b.t.c.SpringBootTestContextBootstrapper : Found @SpringBootConfiguration com.app.webdemo.WebdemoApplication for test class com.app.webdemo.WebdemoApplicationTests

  .   ____          _            __ _ _
 /\\ / ___'_ __ _ _(_)_ __  __ _ \ \ \ \
( ( )\___ | '_ | '_| | '_ \/ _` | \ \ \ \
 \\/  ___)| |_)| | | | | || (_| |  ) ) ) )
  '  |____| .__|_| |_|_| |_\__, | / / / /
 =========|_|==============|___/=/_/_/_/

 :: Spring Boot ::                (v3.3.5)

2026-02-11T21:21:49.059+07:00  INFO 26224 --- [webdemo] [           main] c.app.webdemo.WebdemoApplicationTests    : Starting WebdemoApplicationTests using Java 25.0.1 with PID 26224 (started by chano in C:\Classroom\DSA\work_lab_model3\lab_6\utrde-spring_mvc_lab-main\webdemo)
2026-02-11T21:21:49.059+07:00  INFO 26224 --- [webdemo] [           main] c.app.webdemo.WebdemoApplicationTests    : No active profile set, falling back to 1 default profile: "default"
2026-02-11T21:21:49.195+07:00  INFO 26224 --- [webdemo] [           main] o.s.b.a.w.s.WelcomePageHandlerMapping    : Adding welcome page template: index
2026-02-11T21:21:49.230+07:00  INFO 26224 --- [webdemo] [           main] c.app.webdemo.WebdemoApplicationTests    : Started WebdemoApplicationTests in 0.196 seconds (process running for 2.589)
]]></system-out>
  </testcase>
</testsuite>